<?xml version="1.0" encoding="UTF-8"?>
<testsuite name="Game.Game_GameOver$ScoreTablePanel_Test" tests="3" skipped="0" failures="0" errors="0" timestamp="2024-07-12T09:58:33" hostname="emircan-VirtualBox" time="0.031">
  <properties/>
  <testcase name="test_GameOver$ScoreTablePanel_0" classname="Game.Game_GameOver$ScoreTablePanel_Test" time="0.022"/>
  <testcase name="test_setLabel_0" classname="Game.Game_GameOver$ScoreTablePanel_Test" time="0.005"/>
  <testcase name="test_setValue_0" classname="Game.Game_GameOver$ScoreTablePanel_Test" time="0.004"/>
  <system-out><![CDATA[!! Ereur : image {"img/gameover1.png"} not found :: null
!! Ereur : image {"img/gameover1.png"} not found :: null
!! Ereur : image {"img/Icons/replay.png"} not found :: null
!! Ereur : image {"img/Icons/replay.png"} not found :: null
!! Ereur : image {"img/gameover1.png"} not found :: null
!! Ereur : image {"img/gameover1.png"} not found :: null
!! Ereur : image {"img/Icons/replay.png"} not found :: null
!! Ereur : image {"img/Icons/replay.png"} not found :: null
!! Ereur : image {"img/gameover1.png"} not found :: null
!! Ereur : image {"img/gameover1.png"} not found :: null
!! Ereur : image {"img/Icons/replay.png"} not found :: null
!! Ereur : image {"img/Icons/replay.png"} not found :: null
]]></system-out>
  <system-err><![CDATA[]]></system-err>
</testsuite>
