<?xml version="1.0" encoding="UTF-8"?>
<testsuite name="Game.Game_MinoQueue_Test" tests="2" skipped="0" failures="0" errors="0" timestamp="2024-07-12T09:58:33" hostname="emircan-VirtualBox" time="0.001">
  <properties/>
  <testcase name="test_setHeld_0" classname="Game.Game_MinoQueue_Test" time="0.001"/>
  <testcase name="test_setHeld_1" classname="Game.Game_MinoQueue_Test" time="0.0"/>
  <system-out><![CDATA[]]></system-out>
  <system-err><![CDATA[]]></system-err>
</testsuite>
