<?xml version="1.0" encoding="UTF-8"?>
<testsuite name="Game.Game_Score_Test" tests="1" skipped="0" failures="0" errors="0" timestamp="2024-07-12T09:58:33" hostname="emircan-VirtualBox" time="0.0">
  <properties/>
  <testcase name="test_Score_0" classname="Game.Game_Score_Test" time="0.0"/>
  <system-out><![CDATA[]]></system-out>
  <system-err><![CDATA[]]></system-err>
</testsuite>
