<?xml version="1.0" encoding="UTF-8"?>
<testsuite name="Game.Game_About_Test" tests="1" skipped="0" failures="0" errors="0" timestamp="2024-07-12T09:58:33" hostname="emircan-VirtualBox" time="0.167">
  <properties/>
  <testcase name="test_getImg_0" classname="Game.Game_About_Test" time="0.167"/>
  <system-out><![CDATA[!! Ereur : image {"img/background10.jpg" :: null
!! Ereur : image {"img/fsdm.png" :: null
!! Ereur : image {"img/usmba.png" :: null
!! Ereur : image {"img/contact_us.png" :: null
!! Ereur : image {"img/el_khou1.png" :: null
!! Ereur : image {"img/M.EL_KASMI2.png" :: null
!! Ereur : image {"Game.Score" :: null
]]></system-out>
  <system-err><![CDATA[]]></system-err>
</testsuite>
