<?xml version="1.0" encoding="UTF-8"?>
<testsuite name="Game.Game_NavigationBar_Test" tests="3" skipped="0" failures="0" errors="0" timestamp="2024-07-12T09:58:33" hostname="emircan-VirtualBox" time="0.011">
  <properties/>
  <testcase name="test_actionPerformed_0" classname="Game.Game_NavigationBar_Test" time="0.007"/>
  <testcase name="test_getImg_0" classname="Game.Game_NavigationBar_Test" time="0.002"/>
  <testcase name="test_getImg_1" classname="Game.Game_NavigationBar_Test" time="0.002"/>
  <system-out><![CDATA[!! Ereur : image {"img/play.png"} not found :: null
!! Ereur : image {"img/play.png"} not found :: null
!! Ereur : image {"img/sound-off.png"} not found :: null
!! Ereur : image {"img/sound-off.png"} not found :: null
!! Ereur : image {"img/replay2.png"} not found :: null
!! Ereur : image {"img/replay2.png"} not found :: null
!! Ereur : image {"img/Icons/menu0.png"} not found :: null
!! Ereur : image {"img/Icons/menu0.png"} not found :: null
!! Ereur : image {"img/play.png"} not found :: null
!! Ereur : image {"img/play.png"} not found :: null
!! Ereur : image {"img/sound-off.png"} not found :: null
!! Ereur : image {"img/sound-off.png"} not found :: null
!! Ereur : image {"img/replay2.png"} not found :: null
!! Ereur : image {"img/replay2.png"} not found :: null
!! Ereur : image {"img/Icons/menu0.png"} not found :: null
!! Ereur : image {"img/Icons/menu0.png"} not found :: null
!! Ereur : image {"Game.Score"} not found :: null
!! Ereur : image {"img/play.png"} not found :: null
!! Ereur : image {"img/play.png"} not found :: null
!! Ereur : image {"img/sound-off.png"} not found :: null
!! Ereur : image {"img/sound-off.png"} not found :: null
!! Ereur : image {"img/replay2.png"} not found :: null
!! Ereur : image {"img/replay2.png"} not found :: null
!! Ereur : image {"img/Icons/menu0.png"} not found :: null
!! Ereur : image {"img/Icons/menu0.png"} not found :: null
!! Ereur : image {"Game.Score"} not found :: null
!! Ereur : image {"Game.Score"} not found :: null
]]></system-out>
  <system-err><![CDATA[]]></system-err>
</testsuite>
